This is pdfTeX, Version 3.14159265-2.6-1.40.15 (TeX Live 2014) (preloaded format=pdflatex 2014.5.25)  24 JUN 2015 17:57
entering extended mode
 restricted \write18 enabled.
 file:line:error style messages enabled.
 %&-line parsing enabled.
**groth1.tex
(./groth1.tex
LaTeX2e <2014/05/01>
Babel <3.9k> and hyphenation patterns for 78 languages loaded.
(/usr/local/texlive/2014/texmf-dist/tex/latex/koma-script/scrartcl.cls
Document Class: scrartcl 2013/12/19 v3.12 KOMA-Script document class (article)
(/usr/local/texlive/2014/texmf-dist/tex/latex/koma-script/scrkbase.sty
Package: scrkbase 2013/12/19 v3.12 KOMA-Script package (KOMA-Script-dependent b
asics and keyval usage)

(/usr/local/texlive/2014/texmf-dist/tex/latex/koma-script/scrbase.sty
Package: scrbase 2013/12/19 v3.12 KOMA-Script package (KOMA-Script-independent 
basics and keyval usage)

(/usr/local/texlive/2014/texmf-dist/tex/latex/graphics/keyval.sty
Package: keyval 2014/05/08 v1.15 key=value parser (DPC)
\KV@toks@=\toks14
)
(/usr/local/texlive/2014/texmf-dist/tex/latex/koma-script/scrlfile.sty
Package: scrlfile 2013/12/19 v3.12 KOMA-Script package (loading files)

Package scrlfile, 2013/12/19 v3.12 KOMA-Script package (loading files)
                  Copyright (C) Markus Kohm

))) (/usr/local/texlive/2014/texmf-dist/tex/latex/koma-script/tocbasic.sty
Package: tocbasic 2013/12/19 v3.12 KOMA-Script package (handling toc-files)
)
Package tocbasic Info: omitting babel extension for `toc'
(tocbasic)             because of feature `nobabel' available
(tocbasic)             for `toc' on input line 115.
Package tocbasic Info: omitting babel extension for `lof'
(tocbasic)             because of feature `nobabel' available
(tocbasic)             for `lof' on input line 116.
Package tocbasic Info: omitting babel extension for `lot'
(tocbasic)             because of feature `nobabel' available
(tocbasic)             for `lot' on input line 117.
Package scrartcl Info: You've used standard option `12pt'.
(scrartcl)             This is correct!
(scrartcl)             Internally I'm using `fontsize=12pt'.
(scrartcl)             If you'd like to set the option with \KOMAoptions,
(scrartcl)             you'd have to use `fontsize=12pt' there
(scrartcl)             instead of `12pt', too.
Class scrartcl Info: You've used standard option `final'.
(scrartcl)           This is correct!
(scrartcl)           Internally I'm using `draft=false'.
(scrartcl)           If you'd like to set the option with \KOMAoptions,
(scrartcl)           you'd have to use `draft=false' there
(scrartcl)           instead of `final', too.
Class scrartcl Info: You've used standard option `onecolumn'.
(scrartcl)           This is correct!
(scrartcl)           Internally I'm using `twocolumn=false'.
(scrartcl)           If you'd like to set the option with \KOMAoptions,
(scrartcl)           you'd have to use `twocolumn=false' there
(scrartcl)           instead of `onecolumn', too.
Package scrbase Info: Unknown processing state.
(scrbase)             Processing option `twocolumn=false'
(scrbase)             of member `.scrartcl.cls'
(scrbase)             of family `KOMA'
(scrbase)             doesn't set a valid state.
(scrbase)             This will be interpreted
(scrbase)             as \FamilyKeyStateProcessed on input line 1150.
Class scrartcl Info: You've used standard option `notitlepage'.
(scrartcl)           This is correct!
(scrartcl)           Internally I'm using `titlepage=false'.
(scrartcl)           If you'd like to set the option with \KOMAoptions,
(scrartcl)           you'd have to use `titlepage=false' there
(scrartcl)           instead of `notitlepage', too.
Class scrartcl Info: File `scrsize12pt.clo' used to setup font sizes on input l
ine 1531.

(/usr/local/texlive/2014/texmf-dist/tex/latex/koma-script/scrsize12pt.clo
File: scrsize12pt.clo 2013/12/19 v3.12 KOMA-Script font size class option (12pt
)
)
(/usr/local/texlive/2014/texmf-dist/tex/latex/koma-script/typearea.sty
Package: typearea 2013/12/19 v3.12 KOMA-Script package (type area)

Package typearea, 2013/12/19 v3.12 KOMA-Script package (type area)
                  Copyright (C) Frank Neukam, 1992-1994
                  Copyright (C) Markus Kohm, 1994-

\ta@bcor=\skip41
\ta@div=\count79
Package typearea Info: You've used standard option `onecolumn'.
(typearea)             This is correct!
(typearea)             Internally I'm using `twocolumn=false'.
(typearea)             If you'd like to set the option with \KOMAoptions,
(typearea)             you'd have to use `twocolumn=false' there
(typearea)             instead of `onecolumn', too.
\ta@hblk=\skip42
\ta@vblk=\skip43
\ta@temp=\skip44
\footheight=\skip45
Package typearea Info: These are the values describing the layout:
(typearea)             DIV  = 12
(typearea)             BCOR = 0.0pt
(typearea)             \paperwidth      = 597.50793pt
(typearea)              \textwidth      = 448.13095pt
(typearea)              DIV departure   = -6%
(typearea)              \evensidemargin = 2.4185pt
(typearea)              \oddsidemargin  = 2.4185pt
(typearea)             \paperheight     = 845.04694pt
(typearea)              \textheight     = 635.5pt
(typearea)              \topmargin      = -41.72441pt
(typearea)              \headheight     = 18.125pt
(typearea)              \headsep        = 21.75pt
(typearea)              \topskip        = 12.0pt
(typearea)              \footskip       = 50.75pt
(typearea)              \baselineskip   = 14.5pt
(typearea)              on input line 1330.
)
\c@part=\count80
\c@section=\count81
\c@subsection=\count82
\c@subsubsection=\count83
\c@paragraph=\count84
\c@subparagraph=\count85
\abovecaptionskip=\skip46
\belowcaptionskip=\skip47
\c@pti@nb@sid@b@x=\box26
\c@figure=\count86
\c@table=\count87
\bibindent=\dimen102
) (/usr/local/texlive/2014/texmf-dist/tex/generic/xypic/xy.sty
(/usr/local/texlive/2014/texmf-dist/tex/generic/xypic/xy.tex Bootstrap'ing:
catcodes, docmode,
(/usr/local/texlive/2014/texmf-dist/tex/generic/xypic/xyrecat.tex)
(/usr/local/texlive/2014/texmf-dist/tex/generic/xypic/xyidioms.tex)

 Xy-pic version 3.8.9 <2013/10/06>
 Copyright (c) 1991-2013 by Kristoffer H. Rose <krisrose@tug.org> and others
 Xy-pic is free software: see the User's Guide for details.

Loading kernel: messages; fonts; allocations: state,
\X@c=\dimen103
\Y@c=\dimen104
\U@c=\dimen105
\D@c=\dimen106
\L@c=\dimen107
\R@c=\dimen108
\Edge@c=\toks15
\X@p=\dimen109
\Y@p=\dimen110
\U@p=\dimen111
\D@p=\dimen112
\L@p=\dimen113
\R@p=\dimen114
\Edge@p=\toks16
\X@origin=\dimen115
\Y@origin=\dimen116
\X@xbase=\dimen117
\Y@xbase=\dimen118
\X@ybase=\dimen119
\Y@ybase=\dimen120
\X@min=\dimen121
\Y@min=\dimen122
\X@max=\dimen123
\Y@max=\dimen124
\lastobjectbox@=\box27
\zerodotbox@=\box28
\almostz@=\dimen125
 direction,
\d@X=\dimen126
\d@Y=\dimen127
\K@=\count88
\KK@=\count89
\Direction=\count90
\K@dXdY=\dimen128
\K@dYdX=\dimen129
\xyread@=\read1
\xywrite@=\write3
\csp@=\count91
\quotPTK@=\dimen130

utility macros; pictures: \xy, positions,
\swaptoks@@=\toks17
\connectobjectbox@@=\box29
 objects,
\styletoks@=\toks18
 decorations;
kernel objects: directionals, circles, text; options; algorithms: directions,
edges, connections;  Xy-pic loaded)
(/usr/local/texlive/2014/texmf-dist/tex/generic/oberdiek/ifpdf.sty
Package: ifpdf 2011/01/30 v2.3 Provides the ifpdf switch (HO)
Package ifpdf Info: pdfTeX in PDF mode is detected.
)
Package: xy 2013/10/06 Xy-pic version 3.8.9

(/usr/local/texlive/2014/texmf-dist/tex/generic/xypic/xycmtip.tex
 Xy-pic option: Computer Modern tip extension v.3.7
(/usr/local/texlive/2014/texmf-dist/tex/generic/xypic/xytips.tex
 Xy-pic option: More Tips extension v.3.11 loaded) loaded)
(/usr/local/texlive/2014/texmf-dist/tex/generic/xypic/xyall.tex
 Xy-pic option: All features v.3.8
(/usr/local/texlive/2014/texmf-dist/tex/generic/xypic/xycurve.tex
 Xy-pic option: Curve and Spline extension v.3.12 curve,
\crv@cnt@=\count92
\crvpts@=\toks19
\splinebox@=\box30
\splineval@=\dimen131
\splinedepth@=\dimen132
\splinetol@=\dimen133
\splinelength@=\dimen134
 circles,
\L@=\dimen135
 loaded)
(/usr/local/texlive/2014/texmf-dist/tex/generic/xypic/xyframe.tex
 Xy-pic option: Frame and Bracket extension v.3.14 loaded)
(/usr/local/texlive/2014/texmf-dist/tex/generic/xypic/xyline.tex
 Xy-pic option: Line styles extension v.3.10
\xylinethick@=\dimen136
 loaded)
(/usr/local/texlive/2014/texmf-dist/tex/generic/xypic/xyrotate.tex
 Xy-pic option: Rotate and Scale extension v.3.8 loaded)
(/usr/local/texlive/2014/texmf-dist/tex/generic/xypic/xycolor.tex
 Xy-pic option: Colour extension v.3.11 loaded)
(/usr/local/texlive/2014/texmf-dist/tex/generic/xypic/xymatrix.tex
 Xy-pic option: Matrix feature v.3.14
\Row=\count93
\Col=\count94
\queue@=\toks20
\queue@@=\toks21
\qcount@=\count95
\qcount@@=\count96
\matrixsize@=\count97
 loaded)
(/usr/local/texlive/2014/texmf-dist/tex/generic/xypic/xyarrow.tex
 Xy-pic option: Arrow and Path feature v.3.9 path, \ar, loaded)
(/usr/local/texlive/2014/texmf-dist/tex/generic/xypic/xygraph.tex
 Xy-pic option: Graph feature v.3.11 loaded) loaded)
(/usr/local/texlive/2014/texmf-dist/tex/generic/xypic/xypdf.tex
 Xy-pic option: PDF driver v.1.7 Xy-pic pdf driver: `color' extension support
(/usr/local/texlive/2014/texmf-dist/tex/generic/xypic/xypdf-co.tex loaded)
Xy-pic pdf driver: `curve' extension support
(/usr/local/texlive/2014/texmf-dist/tex/generic/xypic/xypdf-cu.tex loaded)
Xy-pic pdf driver: `frame' extension support
(/usr/local/texlive/2014/texmf-dist/tex/generic/xypic/xypdf-fr.tex loaded)
Xy-pic pdf driver: `line' extension support
(/usr/local/texlive/2014/texmf-dist/tex/generic/xypic/xypdf-li.tex loaded)
Xy-pic pdf driver: `rotate' extension support
(/usr/local/texlive/2014/texmf-dist/tex/generic/xypic/xypdf-ro.tex loaded)
loaded)) (/usr/local/texlive/2014/texmf-dist/tex/latex/amsfonts/amsfonts.sty
Package: amsfonts 2013/01/14 v3.01 Basic AMSFonts support
\@emptytoks=\toks22
\symAMSa=\mathgroup4
\symAMSb=\mathgroup5
LaTeX Font Info:    Overwriting math alphabet `\mathfrak' in version `bold'
(Font)                  U/euf/m/n --> U/euf/b/n on input line 106.
)
(/usr/local/texlive/2014/texmf-dist/tex/latex/amsfonts/amssymb.sty
Package: amssymb 2013/01/14 v3.01 AMS font symbols
)
(/usr/local/texlive/2014/texmf-dist/tex/latex/framed/framed.sty
Package: framed 2011/10/22 v 0.96: framed or shaded text with page breaks
\OuterFrameSep=\skip48
\fb@frw=\dimen137
\fb@frh=\dimen138
\FrameRule=\dimen139
\FrameSep=\dimen140
)
(/usr/local/texlive/2014/texmf-dist/tex/latex/amsmath/amsmath.sty
Package: amsmath 2013/01/14 v2.14 AMS math features
\@mathmargin=\skip49

For additional information on amsmath, use the `?' option.
(/usr/local/texlive/2014/texmf-dist/tex/latex/amsmath/amstext.sty
Package: amstext 2000/06/29 v2.01

(/usr/local/texlive/2014/texmf-dist/tex/latex/amsmath/amsgen.sty
File: amsgen.sty 1999/11/30 v2.0
\@emptytoks=\toks23
\ex@=\dimen141
))
(/usr/local/texlive/2014/texmf-dist/tex/latex/amsmath/amsbsy.sty
Package: amsbsy 1999/11/29 v1.2d
\pmbraise@=\dimen142
)
(/usr/local/texlive/2014/texmf-dist/tex/latex/amsmath/amsopn.sty
Package: amsopn 1999/12/14 v2.01 operator names
)
\inf@bad=\count98
LaTeX Info: Redefining \frac on input line 210.
\uproot@=\count99
\leftroot@=\count100
LaTeX Info: Redefining \overline on input line 306.
\classnum@=\count101
\DOTSCASE@=\count102
LaTeX Info: Redefining \ldots on input line 378.
LaTeX Info: Redefining \dots on input line 381.
LaTeX Info: Redefining \cdots on input line 466.
\Mathstrutbox@=\box31
\strutbox@=\box32
\big@size=\dimen143
LaTeX Font Info:    Redeclaring font encoding OML on input line 566.
LaTeX Font Info:    Redeclaring font encoding OMS on input line 567.
\macc@depth=\count103
\c@MaxMatrixCols=\count104
\dotsspace@=\muskip10
\c@parentequation=\count105
\dspbrk@lvl=\count106
\tag@help=\toks24
\row@=\count107
\column@=\count108
\maxfields@=\count109
\andhelp@=\toks25
\eqnshift@=\dimen144
\alignsep@=\dimen145
\tagshift@=\dimen146
\tagwidth@=\dimen147
\totwidth@=\dimen148
\lineht@=\dimen149
\@envbody=\toks26
\multlinegap=\skip50
\multlinetaggap=\skip51
\mathdisplay@stack=\toks27
LaTeX Info: Redefining \[ on input line 2665.
LaTeX Info: Redefining \] on input line 2666.
)
(/usr/local/texlive/2014/texmf-dist/tex/latex/comment/comment.sty
\CommentStream=\write4

Excluding comment 'comment')
(/usr/local/texlive/2014/texmf-dist/tex/latex/needspace/needspace.sty
Package: needspace 2010/09/12 v1.3d reserve vertical space
)
(/usr/local/texlive/2014/texmf-dist/tex/latex/graphics/color.sty
Package: color 2014/04/23 v1.1a Standard LaTeX Color (DPC)

(/usr/local/texlive/2014/texmf-dist/tex/latex/latexconfig/color.cfg
File: color.cfg 2007/01/18 v1.5 color configuration of teTeX/TeXLive
)
Package color Info: Driver file: pdftex.def on input line 137.

(/usr/local/texlive/2014/texmf-dist/tex/latex/pdftex-def/pdftex.def
File: pdftex.def 2011/05/27 v0.06d Graphics/color for pdfTeX

(/usr/local/texlive/2014/texmf-dist/tex/generic/oberdiek/infwarerr.sty
Package: infwarerr 2010/04/08 v1.3 Providing info/warning/error messages (HO)
)
(/usr/local/texlive/2014/texmf-dist/tex/generic/oberdiek/ltxcmds.sty
Package: ltxcmds 2011/11/09 v1.22 LaTeX kernel commands for general use (HO)
)
\Gread@gobject=\count110
))
(/usr/local/texlive/2014/texmf-dist/tex/latex/hyperref/hyperref.sty
Package: hyperref 2012/11/06 v6.83m Hypertext links for LaTeX

(/usr/local/texlive/2014/texmf-dist/tex/generic/oberdiek/hobsub-hyperref.sty
Package: hobsub-hyperref 2012/05/28 v1.13 Bundle oberdiek, subset hyperref (HO)


(/usr/local/texlive/2014/texmf-dist/tex/generic/oberdiek/hobsub-generic.sty
Package: hobsub-generic 2012/05/28 v1.13 Bundle oberdiek, subset generic (HO)
Package: hobsub 2012/05/28 v1.13 Construct package bundles (HO)
Package hobsub Info: Skipping package `infwarerr' (already loaded).
Package hobsub Info: Skipping package `ltxcmds' (already loaded).
Package: ifluatex 2010/03/01 v1.3 Provides the ifluatex switch (HO)
Package ifluatex Info: LuaTeX not detected.
Package: ifvtex 2010/03/01 v1.5 Detect VTeX and its facilities (HO)
Package ifvtex Info: VTeX not detected.
Package: intcalc 2007/09/27 v1.1 Expandable calculations with integers (HO)
Package hobsub Info: Skipping package `ifpdf' (already loaded).
Package: etexcmds 2011/02/16 v1.5 Avoid name clashes with e-TeX commands (HO)
Package etexcmds Info: Could not find \expanded.
(etexcmds)             That can mean that you are not using pdfTeX 1.50 or
(etexcmds)             that some package has redefined \expanded.
(etexcmds)             In the latter case, load this package earlier.
Package: kvsetkeys 2012/04/25 v1.16 Key value parser (HO)
Package: kvdefinekeys 2011/04/07 v1.3 Define keys (HO)
Package: pdftexcmds 2011/11/29 v0.20 Utility functions of pdfTeX for LuaTeX (HO
)
Package pdftexcmds Info: LuaTeX not detected.
Package pdftexcmds Info: \pdf@primitive is available.
Package pdftexcmds Info: \pdf@ifprimitive is available.
Package pdftexcmds Info: \pdfdraftmode found.
Package: pdfescape 2011/11/25 v1.13 Implements pdfTeX's escape features (HO)
Package: bigintcalc 2012/04/08 v1.3 Expandable calculations on big integers (HO
)
Package: bitset 2011/01/30 v1.1 Handle bit-vector datatype (HO)
Package: uniquecounter 2011/01/30 v1.2 Provide unlimited unique counter (HO)
)
Package hobsub Info: Skipping package `hobsub' (already loaded).
Package: letltxmacro 2010/09/02 v1.4 Let assignment for LaTeX macros (HO)
Package: hopatch 2012/05/28 v1.2 Wrapper for package hooks (HO)
Package: xcolor-patch 2011/01/30 xcolor patch
Package: atveryend 2011/06/30 v1.8 Hooks at the very end of document (HO)
Package atveryend Info: \enddocument detected (standard20110627).
Package: atbegshi 2011/10/05 v1.16 At begin shipout hook (HO)
Package: refcount 2011/10/16 v3.4 Data extraction from label references (HO)
Package: hycolor 2011/01/30 v1.7 Color options for hyperref/bookmark (HO)
)
(/usr/local/texlive/2014/texmf-dist/tex/generic/ifxetex/ifxetex.sty
Package: ifxetex 2010/09/12 v0.6 Provides ifxetex conditional
)
(/usr/local/texlive/2014/texmf-dist/tex/latex/oberdiek/auxhook.sty
Package: auxhook 2011/03/04 v1.3 Hooks for auxiliary files (HO)
)
(/usr/local/texlive/2014/texmf-dist/tex/latex/oberdiek/kvoptions.sty
Package: kvoptions 2011/06/30 v3.11 Key value format for package options (HO)
)
\@linkdim=\dimen150
\Hy@linkcounter=\count111
\Hy@pagecounter=\count112

(/usr/local/texlive/2014/texmf-dist/tex/latex/hyperref/pd1enc.def
File: pd1enc.def 2012/11/06 v6.83m Hyperref: PDFDocEncoding definition (HO)
)
\Hy@SavedSpaceFactor=\count113

(/usr/local/texlive/2014/texmf-dist/tex/latex/latexconfig/hyperref.cfg
File: hyperref.cfg 2002/06/06 v1.2 hyperref configuration of TeXLive
)
Package hyperref Info: Option `final' set `true' on input line 4319.
Package hyperref Info: Hyper figures OFF on input line 4443.
Package hyperref Info: Link nesting OFF on input line 4448.
Package hyperref Info: Hyper index ON on input line 4451.
Package hyperref Info: Plain pages OFF on input line 4458.
Package hyperref Info: Backreferencing OFF on input line 4463.
Package hyperref Info: Implicit mode ON; LaTeX internals redefined.
Package hyperref Info: Bookmarks ON on input line 4688.
\c@Hy@tempcnt=\count114

(/usr/local/texlive/2014/texmf-dist/tex/latex/url/url.sty
\Urlmuskip=\muskip11
Package: url 2013/09/16  ver 3.4  Verb mode for urls, etc.
)
LaTeX Info: Redefining \url on input line 5041.
\XeTeXLinkMargin=\dimen151
\Fld@menulength=\count115
\Field@Width=\dimen152
\Fld@charsize=\dimen153
Package hyperref Info: Hyper figures OFF on input line 6295.
Package hyperref Info: Link nesting OFF on input line 6300.
Package hyperref Info: Hyper index ON on input line 6303.
Package hyperref Info: backreferencing OFF on input line 6310.
Package hyperref Info: Link coloring OFF on input line 6315.
Package hyperref Info: Link coloring with OCG OFF on input line 6320.
Package hyperref Info: PDF/A mode OFF on input line 6325.
LaTeX Info: Redefining \ref on input line 6365.
LaTeX Info: Redefining \pageref on input line 6369.
\Hy@abspage=\count116
\c@Item=\count117
\c@Hfootnote=\count118
)

Package hyperref Message: Driver (autodetected): hpdftex.

(/usr/local/texlive/2014/texmf-dist/tex/latex/hyperref/hpdftex.def
File: hpdftex.def 2012/11/06 v6.83m Hyperref driver for pdfTeX
\Fld@listcount=\count119
\c@bookmark@seq@number=\count120

(/usr/local/texlive/2014/texmf-dist/tex/latex/oberdiek/rerunfilecheck.sty
Package: rerunfilecheck 2011/04/15 v1.7 Rerun checks for auxiliary files (HO)
Package uniquecounter Info: New unique counter `rerunfilecheck' on input line 2
82.
)
\Hy@SectionHShift=\skip52
)
(/usr/local/texlive/2014/texmf-dist/tex/latex/psnfss/mathpazo.sty
Package: mathpazo 2005/04/12 PSNFSS-v9.2a Palatino w/ Pazo Math (D.Puga, WaS) 
\symupright=\mathgroup6
)
(/usr/local/texlive/2014/texmf-dist/tex/latex/base/fontenc.sty
Package: fontenc 2005/09/27 v1.99g Standard LaTeX package

(/usr/local/texlive/2014/texmf-dist/tex/latex/base/t1enc.def
File: t1enc.def 2005/09/27 v1.99g Standard LaTeX file
LaTeX Font Info:    Redeclaring font encoding T1 on input line 43.
))
(/usr/local/texlive/2014/texmf-dist/tex/latex/amscls/amsthm.sty
Package: amsthm 2004/08/06 v2.20
\thm@style=\toks28
\thm@bodyfont=\toks29
\thm@headfont=\toks30
\thm@notefont=\toks31
\thm@headpunct=\toks32
\thm@preskip=\skip53
\thm@postskip=\skip54
\thm@headsep=\skip55
\dth@everypar=\toks33
)

Class scrartcl Warning: Usage of package `fancyhdr' together
(scrartcl)              with a KOMA-Script class is not recommended.
(scrartcl)              I'd suggest to use 
(scrartcl)              package `scrpage2' or `scrlayer-scrpage'.
(scrartcl)              Nevertheless, using requested
(scrartcl)              package `fancyhdr' on input line 32.

(/usr/local/texlive/2014/texmf-dist/tex/latex/fancyhdr/fancyhdr.sty
\fancy@headwidth=\skip56
\f@ncyO@elh=\skip57
\f@ncyO@erh=\skip58
\f@ncyO@olh=\skip59
\f@ncyO@orh=\skip60
\f@ncyO@elf=\skip61
\f@ncyO@erf=\skip62
\f@ncyO@olf=\skip63
\f@ncyO@orf=\skip64
)
(/usr/local/texlive/2014/texmf-dist/tex/latex/ytableau/ytableau.sty
Package: ytableau 2012/08/14 v1.3 Many-featured Young tableaux and Young diagra
ms
\tableaux@YT=\box33
\thistableau@YT=\box34
\refhtdp@YT=\box35
\toks@YT=\toks34
\opttoksa@YT=\toks35
\opttoksb@YT=\toks36
\boxdim@YT=\dimen154
\tableauwd@YT=\dimen155
\count@YT=\count121

(/usr/local/texlive/2014/texmf-dist/tex/latex/pgf/utilities/pgfkeys.sty
(/usr/local/texlive/2014/texmf-dist/tex/generic/pgf/utilities/pgfkeys.code.tex
\pgfkeys@pathtoks=\toks37
\pgfkeys@temptoks=\toks38

(/usr/local/texlive/2014/texmf-dist/tex/generic/pgf/utilities/pgfkeysfiltered.c
ode.tex
\pgfkeys@tmptoks=\toks39
))) (/usr/local/texlive/2014/texmf-dist/tex/latex/pgfopts/pgfopts.sty
Package: pgfopts 2011/06/02 v2.1 LaTeX package options with pgfkeys
\pgfopts@list@add@a@toks=\toks40
\pgfopts@list@add@b@toks=\toks41
)
(/usr/local/texlive/2014/texmf-dist/tex/latex/xcolor/xcolor.sty
Package: xcolor 2007/01/21 v2.11 LaTeX color extensions (UK)

(/usr/local/texlive/2014/texmf-dist/tex/latex/latexconfig/color.cfg
File: color.cfg 2007/01/18 v1.5 color configuration of teTeX/TeXLive
)
Package xcolor Info: Driver file: pdftex.def on input line 225.
LaTeX Info: Redefining \color on input line 702.
Package xcolor Info: Model `cmy' substituted by `cmy0' on input line 1337.
Package xcolor Info: Model `hsb' substituted by `rgb' on input line 1341.
Package xcolor Info: Model `RGB' extended on input line 1353.
Package xcolor Info: Model `HTML' substituted by `rgb' on input line 1355.
Package xcolor Info: Model `Hsb' substituted by `hsb' on input line 1356.
Package xcolor Info: Model `tHsb' substituted by `hsb' on input line 1357.
Package xcolor Info: Model `HSB' substituted by `hsb' on input line 1358.
Package xcolor Info: Model `Gray' substituted by `gray' on input line 1359.
Package xcolor Info: Model `wave' substituted by `hsb' on input line 1360.
))
(/usr/local/texlive/2014/texmf-dist/tex/latex/tabu/tabu.sty
Package: tabu 2011/02/26 v2.8 - flexible LaTeX tabulars (FC)

(/usr/local/texlive/2014/texmf-dist/tex/latex/tools/array.sty
Package: array 2008/09/09 v2.4c Tabular extension package (FMi)
\col@sep=\dimen156
\extrarowheight=\dimen157
\NC@list=\toks42
\extratabsurround=\skip65
\backup@length=\skip66
)
(/usr/local/texlive/2014/texmf-dist/tex/latex/varwidth/varwidth.sty
Package: varwidth 2009/03/30 ver 0.92;  Variable-width minipages
\@vwid@box=\box36
\sift@deathcycles=\count122
\@vwid@loff=\dimen158
\@vwid@roff=\dimen159
)
\c@taburow=\count123
\tabu@nbcols=\count124
\tabu@cnt=\count125
\tabu@Xcol=\count126
\tabu@alloc=\count127
\tabu@nested=\count128
\tabu@target=\dimen160
\tabu@spreadtarget=\dimen161
\tabu@naturalX=\dimen162
\tabucolX=\dimen163
\tabu@Xsum=\dimen164
\extrarowdepth=\dimen165
\abovetabulinesep=\dimen166
\belowtabulinesep=\dimen167
\tabustrutrule=\dimen168
\tabu@thebody=\toks43
\tabu@footnotes=\toks44
\tabu@box=\box37
\tabu@arstrutbox=\box38
\tabu@hleads=\box39
\tabu@vleads=\box40
\tabu@cellskip=\skip67
)
\c@theo=\count129

Excluding comment 'noncompile' Excluding comment 'obsolete' (./groth1.aux)
\openout1 = `groth1.aux'.

LaTeX Font Info:    Checking defaults for OML/cmm/m/it on input line 140.
LaTeX Font Info:    ... okay on input line 140.
LaTeX Font Info:    Checking defaults for T1/cmr/m/n on input line 140.
LaTeX Font Info:    ... okay on input line 140.
LaTeX Font Info:    Checking defaults for OT1/cmr/m/n on input line 140.
LaTeX Font Info:    ... okay on input line 140.
LaTeX Font Info:    Checking defaults for OMS/cmsy/m/n on input line 140.
LaTeX Font Info:    ... okay on input line 140.
LaTeX Font Info:    Checking defaults for OMX/cmex/m/n on input line 140.
LaTeX Font Info:    ... okay on input line 140.
LaTeX Font Info:    Checking defaults for U/cmr/m/n on input line 140.
LaTeX Font Info:    ... okay on input line 140.
LaTeX Font Info:    Checking defaults for PD1/pdf/m/n on input line 140.
LaTeX Font Info:    ... okay on input line 140.
LaTeX Font Info:    Try loading font information for T1+pplx on input line 140.


(/usr/local/texlive/2014/texmf-dist/tex/latex/psnfss/t1pplx.fd
File: t1pplx.fd 2004/09/06 font definitions for T1/pplx.
)
LaTeX Font Info:    Try loading font information for OT1+pplx on input line 140
.

(/usr/local/texlive/2014/texmf-dist/tex/latex/psnfss/ot1pplx.fd
File: ot1pplx.fd 2004/09/06 font definitions for OT1/pplx.
)
LaTeX Font Info:    Try loading font information for OML+zplm on input line 140
.

(/usr/local/texlive/2014/texmf-dist/tex/latex/psnfss/omlzplm.fd
File: omlzplm.fd 2002/09/08 Fontinst v1.914 font definitions for OML/zplm.
)
LaTeX Font Info:    Try loading font information for OMS+zplm on input line 140
.

(/usr/local/texlive/2014/texmf-dist/tex/latex/psnfss/omszplm.fd
File: omszplm.fd 2002/09/08 Fontinst v1.914 font definitions for OMS/zplm.
)
LaTeX Font Info:    Try loading font information for OMX+zplm on input line 140
.

(/usr/local/texlive/2014/texmf-dist/tex/latex/psnfss/omxzplm.fd
File: omxzplm.fd 2002/09/08 Fontinst v1.914 font definitions for OMX/zplm.
)
LaTeX Font Info:    Try loading font information for U+msa on input line 140.

(/usr/local/texlive/2014/texmf-dist/tex/latex/amsfonts/umsa.fd
File: umsa.fd 2013/01/14 v3.01 AMS symbols A
)
LaTeX Font Info:    Try loading font information for U+msb on input line 140.

(/usr/local/texlive/2014/texmf-dist/tex/latex/amsfonts/umsb.fd
File: umsb.fd 2013/01/14 v3.01 AMS symbols B
)
LaTeX Font Info:    Try loading font information for OT1+zplm on input line 140
.

(/usr/local/texlive/2014/texmf-dist/tex/latex/psnfss/ot1zplm.fd
File: ot1zplm.fd 2002/09/08 Fontinst v1.914 font definitions for OT1/zplm.
)
Package xypdf Info: Line width: 0.48pt on input line 140.

(/usr/local/texlive/2014/texmf-dist/tex/context/base/supp-pdf.mkii
[Loading MPS to PDF converter (version 2006.09.02).]
\scratchcounter=\count130
\scratchdimen=\dimen169
\scratchbox=\box41
\nofMPsegments=\count131
\nofMParguments=\count132
\everyMPshowfont=\toks45
\MPscratchCnt=\count133
\MPscratchDim=\dimen170
\MPnumerator=\count134
\makeMPintoPDFobject=\count135
\everyMPtoPDFconversion=\toks46
)
\AtBeginShipoutBox=\box42
Package hyperref Info: Link coloring OFF on input line 140.
 (/usr/local/texlive/2014/texmf-dist/tex/latex/hyperref/nameref.sty
Package: nameref 2012/10/27 v2.43 Cross-referencing by name of section

(/usr/local/texlive/2014/texmf-dist/tex/generic/oberdiek/gettitlestring.sty
Package: gettitlestring 2010/12/03 v1.4 Cleanup title references (HO)
)
\c@section@level=\count136
)
LaTeX Info: Redefining \ref on input line 140.
LaTeX Info: Redefining \pageref on input line 140.
LaTeX Info: Redefining \nameref on input line 140.

(./groth1.out) (./groth1.out)
\@outlinefile=\write5
\openout5 = `groth1.out'.

LaTeX Font Info:    Try loading font information for T1+cmss on input line 146.


(/usr/local/texlive/2014/texmf-dist/tex/latex/base/t1cmss.fd
File: t1cmss.fd 1999/05/25 v2.5h Standard LaTeX font definitions
)
LaTeX Font Info:    Font shape `U/msa/m/n' will be
(Font)              scaled to size 18.00587pt on input line 146.
LaTeX Font Info:    Font shape `U/msa/m/n' will be
(Font)              scaled to size 10.42007pt on input line 146.
LaTeX Font Info:    Font shape `U/msb/m/n' will be
(Font)              scaled to size 18.00587pt on input line 146.
LaTeX Font Info:    Font shape `U/msb/m/n' will be
(Font)              scaled to size 10.42007pt on input line 146.

Excluding 'comment' comment. Excluding 'comment' comment. [1




{/usr/local/texlive/2014/texmf-var/fonts/map/pdftex/updmap/pdftex.map}]
LaTeX Font Info:    Font shape `T1/pplx/bx/n' in size <12> not available
(Font)              Font shape `T1/pplx/b/n' tried instead on input line 219.
LaTeX Font Info:    Try loading font information for OMS+pplx on input line 246
.
LaTeX Font Info:    No file OMSpplx.fd. on input line 246.


LaTeX Font Warning: Font shape `OMS/pplx/m/n' undefined
(Font)              using `OMS/cmsy/m/n' instead
(Font)              for symbol `textbullet' on input line 246.


Class scrartcl Warning: Usage of deprecated font command `\rm'!
(scrartcl)              You should note, that in 1994 font command `\rm' has
(scrartcl)              been defined for compatiblitiy to Script 2.0 only.
(scrartcl)              Now, after two decades of LaTeX2e and NFSS2, you
(scrartcl)              shouldn't use such commands any longer and within
(scrartcl)              KOMA-Script usage of `\rm' is definitely deprecated.
(scrartcl)              See `fntguide.pdf' for more information about
(scrartcl)              recommended font commands.
(scrartcl)              Note also, that KOMA-Script will remove the definition
(scrartcl)              of `\rm' anytime until release of about version 3.20.
(scrartcl)              But for now, KOMA-Script will replace deprecated `\rm'
(scrartcl)              by `\normalfont \rmfamily ' on input line 268.

[2]
LaTeX Font Info:    Try loading font information for U+fplmbb on input line 278
.
 (/usr/local/texlive/2014/texmf-dist/tex/latex/psnfss/ufplmbb.fd
File: ufplmbb.fd 2003/10/30 Fontinst v1.914 font definitions for U/fplmbb.
)

Class scrartcl Warning: Usage of deprecated font command `\rm'!
(scrartcl)              You should note, that in 1994 font command `\rm' has
(scrartcl)              been defined for compatiblitiy to Script 2.0 only.
(scrartcl)              Now, after two decades of LaTeX2e and NFSS2, you
(scrartcl)              shouldn't use such commands any longer and within
(scrartcl)              KOMA-Script usage of `\rm' is definitely deprecated.
(scrartcl)              See `fntguide.pdf' for more information about
(scrartcl)              recommended font commands.
(scrartcl)              Note also, that KOMA-Script will remove the definition
(scrartcl)              of `\rm' anytime until release of about version 3.20.
(scrartcl)              But for now, KOMA-Script will replace deprecated `\rm'
(scrartcl)              by `\normalfont \rmfamily ' on input line 320.

[3] Excluding 'comment' comment.

Class scrartcl Warning: Usage of deprecated font command `\rm'!
(scrartcl)              You should note, that in 1994 font command `\rm' has
(scrartcl)              been defined for compatiblitiy to Script 2.0 only.
(scrartcl)              Now, after two decades of LaTeX2e and NFSS2, you
(scrartcl)              shouldn't use such commands any longer and within
(scrartcl)              KOMA-Script usage of `\rm' is definitely deprecated.
(scrartcl)              See `fntguide.pdf' for more information about
(scrartcl)              recommended font commands.
(scrartcl)              Note also, that KOMA-Script will remove the definition
(scrartcl)              of `\rm' anytime until release of about version 3.20.
(scrartcl)              But for now, KOMA-Script will replace deprecated `\rm'
(scrartcl)              by `\normalfont \rmfamily ' on input line 412.

[4]
Overfull \hbox (10.42459pt too wide) in paragraph at lines 435--441
\T1/pplx/m/n/12 tion in gen-eral gives a non-symmetric func-tion. Nev-er-the-le
ss, Lam and Pylyavskyy
 []


Class scrartcl Warning: Usage of deprecated font command `\rm'!
(scrartcl)              You should note, that in 1994 font command `\rm' has
(scrartcl)              been defined for compatiblitiy to Script 2.0 only.
(scrartcl)              Now, after two decades of LaTeX2e and NFSS2, you
(scrartcl)              shouldn't use such commands any longer and within
(scrartcl)              KOMA-Script usage of `\rm' is definitely deprecated.
(scrartcl)              See `fntguide.pdf' for more information about
(scrartcl)              recommended font commands.
(scrartcl)              Note also, that KOMA-Script will remove the definition
(scrartcl)              of `\rm' anytime until release of about version 3.20.
(scrartcl)              But for now, KOMA-Script will replace deprecated `\rm'
(scrartcl)              by `\normalfont \rmfamily ' on input line 481.

[5]
Overfull \hbox (16.0133pt too wide) detected at line 552
[]\OT1/zplm/m/n/12 (\OT1/zplm/b/n/12 x\OT1/pplx/m/n/12 ; \OT1/zplm/b/n/12 t\OT1
/zplm/m/n/12 ) = \OML/zplm/m/it/12 e[]\OT1/zplm/m/n/12 (\OML/zplm/m/it/12 t[]\O
T1/pplx/m/n/12 , \OML/zplm/m/it/12 t[]\OT1/pplx/m/n/12 , [] , \OML/zplm/m/it/12
 t[]\OT1/pplx/m/n/12 , \OML/zplm/m/it/12 x[]\OT1/pplx/m/n/12 , \OML/zplm/m/it/1
2 x[]\OT1/pplx/m/n/12 , [] \OT1/zplm/m/n/12 ) = [] \OML/zplm/m/it/12 e[] [] e[]
 [] \OT1/pplx/m/n/12 ,
 []

Excluding 'comment' comment.

Class scrartcl Warning: Usage of deprecated font command `\rm'!
(scrartcl)              You should note, that in 1994 font command `\rm' has
(scrartcl)              been defined for compatiblitiy to Script 2.0 only.
(scrartcl)              Now, after two decades of LaTeX2e and NFSS2, you
(scrartcl)              shouldn't use such commands any longer and within
(scrartcl)              KOMA-Script usage of `\rm' is definitely deprecated.
(scrartcl)              See `fntguide.pdf' for more information about
(scrartcl)              recommended font commands.
(scrartcl)              Note also, that KOMA-Script will remove the definition
(scrartcl)              of `\rm' anytime until release of about version 3.20.
(scrartcl)              But for now, KOMA-Script will replace deprecated `\rm'
(scrartcl)              by `\normalfont \rmfamily ' on input line 617.

[6]
LaTeX Font Info:    Font shape `U/msa/m/n' will be
(Font)              scaled to size 7.91925pt on input line 663.
LaTeX Font Info:    Font shape `U/msa/m/n' will be
(Font)              scaled to size 6.25204pt on input line 663.
LaTeX Font Info:    Font shape `U/msb/m/n' will be
(Font)              scaled to size 7.91925pt on input line 663.
LaTeX Font Info:    Font shape `U/msb/m/n' will be
(Font)              scaled to size 6.25204pt on input line 663.


Class scrartcl Warning: Usage of deprecated font command `\rm'!
(scrartcl)              You should note, that in 1994 font command `\rm' has
(scrartcl)              been defined for compatiblitiy to Script 2.0 only.
(scrartcl)              Now, after two decades of LaTeX2e and NFSS2, you
(scrartcl)              shouldn't use such commands any longer and within
(scrartcl)              KOMA-Script usage of `\rm' is definitely deprecated.
(scrartcl)              See `fntguide.pdf' for more information about
(scrartcl)              recommended font commands.
(scrartcl)              Note also, that KOMA-Script will remove the definition
(scrartcl)              of `\rm' anytime until release of about version 3.20.
(scrartcl)              But for now, KOMA-Script will replace deprecated `\rm'
(scrartcl)              by `\normalfont \rmfamily ' on input line 672.

[7]

Class scrartcl Warning: Usage of deprecated font command `\rm'!
(scrartcl)              You should note, that in 1994 font command `\rm' has
(scrartcl)              been defined for compatiblitiy to Script 2.0 only.
(scrartcl)              Now, after two decades of LaTeX2e and NFSS2, you
(scrartcl)              shouldn't use such commands any longer and within
(scrartcl)              KOMA-Script usage of `\rm' is definitely deprecated.
(scrartcl)              See `fntguide.pdf' for more information about
(scrartcl)              recommended font commands.
(scrartcl)              Note also, that KOMA-Script will remove the definition
(scrartcl)              of `\rm' anytime until release of about version 3.20.
(scrartcl)              But for now, KOMA-Script will replace deprecated `\rm'
(scrartcl)              by `\normalfont \rmfamily ' on input line 713.

[8]

Class scrartcl Warning: Usage of deprecated font command `\rm'!
(scrartcl)              You should note, that in 1994 font command `\rm' has
(scrartcl)              been defined for compatiblitiy to Script 2.0 only.
(scrartcl)              Now, after two decades of LaTeX2e and NFSS2, you
(scrartcl)              shouldn't use such commands any longer and within
(scrartcl)              KOMA-Script usage of `\rm' is definitely deprecated.
(scrartcl)              See `fntguide.pdf' for more information about
(scrartcl)              recommended font commands.
(scrartcl)              Note also, that KOMA-Script will remove the definition
(scrartcl)              of `\rm' anytime until release of about version 3.20.
(scrartcl)              But for now, KOMA-Script will replace deprecated `\rm'
(scrartcl)              by `\normalfont \rmfamily ' on input line 825.

[9]
LaTeX Font Info:    Font shape `U/msa/m/n' will be
(Font)              scaled to size 15.0049pt on input line 881.
LaTeX Font Info:    Font shape `U/msa/m/n' will be
(Font)              scaled to size 8.33606pt on input line 881.
LaTeX Font Info:    Font shape `U/msb/m/n' will be
(Font)              scaled to size 15.0049pt on input line 881.
LaTeX Font Info:    Font shape `U/msb/m/n' will be
(Font)              scaled to size 8.33606pt on input line 881.


Package hyperref Warning: Token not allowed in a PDF string (PDFDocEncoding):
(hyperref)                removing `math shift' on input line 881.


Package hyperref Warning: Token not allowed in a PDF string (PDFDocEncoding):
(hyperref)                removing `\new@ifnextchar' on input line 881.


Package hyperref Warning: Token not allowed in a PDF string (PDFDocEncoding):
(hyperref)                removing `math shift' on input line 881.


Class scrartcl Warning: Usage of deprecated font command `\rm'!
(scrartcl)              You should note, that in 1994 font command `\rm' has
(scrartcl)              been defined for compatiblitiy to Script 2.0 only.
(scrartcl)              Now, after two decades of LaTeX2e and NFSS2, you
(scrartcl)              shouldn't use such commands any longer and within
(scrartcl)              KOMA-Script usage of `\rm' is definitely deprecated.
(scrartcl)              See `fntguide.pdf' for more information about
(scrartcl)              recommended font commands.
(scrartcl)              Note also, that KOMA-Script will remove the definition
(scrartcl)              of `\rm' anytime until release of about version 3.20.
(scrartcl)              But for now, KOMA-Script will replace deprecated `\rm'
(scrartcl)              by `\normalfont \rmfamily ' on input line 942.

[10]

Class scrartcl Warning: Usage of deprecated font command `\rm'!
(scrartcl)              You should note, that in 1994 font command `\rm' has
(scrartcl)              been defined for compatiblitiy to Script 2.0 only.
(scrartcl)              Now, after two decades of LaTeX2e and NFSS2, you
(scrartcl)              shouldn't use such commands any longer and within
(scrartcl)              KOMA-Script usage of `\rm' is definitely deprecated.
(scrartcl)              See `fntguide.pdf' for more information about
(scrartcl)              recommended font commands.
(scrartcl)              Note also, that KOMA-Script will remove the definition
(scrartcl)              of `\rm' anytime until release of about version 3.20.
(scrartcl)              But for now, KOMA-Script will replace deprecated `\rm'
(scrartcl)              by `\normalfont \rmfamily ' on input line 1018.

[11]

Class scrartcl Warning: Usage of deprecated font command `\rm'!
(scrartcl)              You should note, that in 1994 font command `\rm' has
(scrartcl)              been defined for compatiblitiy to Script 2.0 only.
(scrartcl)              Now, after two decades of LaTeX2e and NFSS2, you
(scrartcl)              shouldn't use such commands any longer and within
(scrartcl)              KOMA-Script usage of `\rm' is definitely deprecated.
(scrartcl)              See `fntguide.pdf' for more information about
(scrartcl)              recommended font commands.
(scrartcl)              Note also, that KOMA-Script will remove the definition
(scrartcl)              of `\rm' anytime until release of about version 3.20.
(scrartcl)              But for now, KOMA-Script will replace deprecated `\rm'
(scrartcl)              by `\normalfont \rmfamily ' on input line 1164.

[12]

Class scrartcl Warning: Usage of deprecated font command `\rm'!
(scrartcl)              You should note, that in 1994 font command `\rm' has
(scrartcl)              been defined for compatiblitiy to Script 2.0 only.
(scrartcl)              Now, after two decades of LaTeX2e and NFSS2, you
(scrartcl)              shouldn't use such commands any longer and within
(scrartcl)              KOMA-Script usage of `\rm' is definitely deprecated.
(scrartcl)              See `fntguide.pdf' for more information about
(scrartcl)              recommended font commands.
(scrartcl)              Note also, that KOMA-Script will remove the definition
(scrartcl)              of `\rm' anytime until release of about version 3.20.
(scrartcl)              But for now, KOMA-Script will replace deprecated `\rm'
(scrartcl)              by `\normalfont \rmfamily ' on input line 1300.

[13]

Class scrartcl Warning: Usage of deprecated font command `\rm'!
(scrartcl)              You should note, that in 1994 font command `\rm' has
(scrartcl)              been defined for compatiblitiy to Script 2.0 only.
(scrartcl)              Now, after two decades of LaTeX2e and NFSS2, you
(scrartcl)              shouldn't use such commands any longer and within
(scrartcl)              KOMA-Script usage of `\rm' is definitely deprecated.
(scrartcl)              See `fntguide.pdf' for more information about
(scrartcl)              recommended font commands.
(scrartcl)              Note also, that KOMA-Script will remove the definition
(scrartcl)              of `\rm' anytime until release of about version 3.20.
(scrartcl)              But for now, KOMA-Script will replace deprecated `\rm'
(scrartcl)              by `\normalfont \rmfamily ' on input line 1411.

[14]

Package hyperref Warning: Token not allowed in a PDF string (PDFDocEncoding):
(hyperref)                removing `math shift' on input line 1441.


Package hyperref Warning: Token not allowed in a PDF string (PDFDocEncoding):
(hyperref)                removing `\Rrightarrow' on input line 1441.


Package hyperref Warning: Token not allowed in a PDF string (PDFDocEncoding):
(hyperref)                removing `math shift' on input line 1441.


Class scrartcl Warning: Usage of deprecated font command `\rm'!
(scrartcl)              You should note, that in 1994 font command `\rm' has
(scrartcl)              been defined for compatiblitiy to Script 2.0 only.
(scrartcl)              Now, after two decades of LaTeX2e and NFSS2, you
(scrartcl)              shouldn't use such commands any longer and within
(scrartcl)              KOMA-Script usage of `\rm' is definitely deprecated.
(scrartcl)              See `fntguide.pdf' for more information about
(scrartcl)              recommended font commands.
(scrartcl)              Note also, that KOMA-Script will remove the definition
(scrartcl)              of `\rm' anytime until release of about version 3.20.
(scrartcl)              But for now, KOMA-Script will replace deprecated `\rm'
(scrartcl)              by `\normalfont \rmfamily ' on input line 1484.

[15]
Overfull \hbox (1.85878pt too wide) in paragraph at lines 1493--1505
[]\T1/pplx/b/n/12 (c) \T1/pplx/m/n/12 From ([]14[]), we know that $\OML/zplm/m/
it/12 k$ \T1/pplx/m/n/12 is a de-scent of $[] []$, and we have $[] [] \OT1/zplm
/m/n/12 =
 []


Class scrartcl Warning: Usage of deprecated font command `\rm'!
(scrartcl)              You should note, that in 1994 font command `\rm' has
(scrartcl)              been defined for compatiblitiy to Script 2.0 only.
(scrartcl)              Now, after two decades of LaTeX2e and NFSS2, you
(scrartcl)              shouldn't use such commands any longer and within
(scrartcl)              KOMA-Script usage of `\rm' is definitely deprecated.
(scrartcl)              See `fntguide.pdf' for more information about
(scrartcl)              recommended font commands.
(scrartcl)              Note also, that KOMA-Script will remove the definition
(scrartcl)              of `\rm' anytime until release of about version 3.20.
(scrartcl)              But for now, KOMA-Script will replace deprecated `\rm'
(scrartcl)              by `\normalfont \rmfamily ' on input line 1561.

[16]

Class scrartcl Warning: Usage of deprecated font command `\rm'!
(scrartcl)              You should note, that in 1994 font command `\rm' has
(scrartcl)              been defined for compatiblitiy to Script 2.0 only.
(scrartcl)              Now, after two decades of LaTeX2e and NFSS2, you
(scrartcl)              shouldn't use such commands any longer and within
(scrartcl)              KOMA-Script usage of `\rm' is definitely deprecated.
(scrartcl)              See `fntguide.pdf' for more information about
(scrartcl)              recommended font commands.
(scrartcl)              Note also, that KOMA-Script will remove the definition
(scrartcl)              of `\rm' anytime until release of about version 3.20.
(scrartcl)              But for now, KOMA-Script will replace deprecated `\rm'
(scrartcl)              by `\normalfont \rmfamily ' on input line 1638.

[17]
LaTeX Font Info:    Font shape `T1/pplx/bx/n' in size <10> not available
(Font)              Font shape `T1/pplx/b/n' tried instead on input line 1694.


LaTeX Warning: Reference `eq.convex' on page 18 undefined on input line 1694.


LaTeX Warning: Reference `eq.convex' on page 18 undefined on input line 1697.


Class scrartcl Warning: Usage of deprecated font command `\rm'!
(scrartcl)              You should note, that in 1994 font command `\rm' has
(scrartcl)              been defined for compatiblitiy to Script 2.0 only.
(scrartcl)              Now, after two decades of LaTeX2e and NFSS2, you
(scrartcl)              shouldn't use such commands any longer and within
(scrartcl)              KOMA-Script usage of `\rm' is definitely deprecated.
(scrartcl)              See `fntguide.pdf' for more information about
(scrartcl)              recommended font commands.
(scrartcl)              Note also, that KOMA-Script will remove the definition
(scrartcl)              of `\rm' anytime until release of about version 3.20.
(scrartcl)              But for now, KOMA-Script will replace deprecated `\rm'
(scrartcl)              by `\normalfont \rmfamily ' on input line 1757.

[18]

Class scrartcl Warning: Usage of deprecated font command `\rm'!
(scrartcl)              You should note, that in 1994 font command `\rm' has
(scrartcl)              been defined for compatiblitiy to Script 2.0 only.
(scrartcl)              Now, after two decades of LaTeX2e and NFSS2, you
(scrartcl)              shouldn't use such commands any longer and within
(scrartcl)              KOMA-Script usage of `\rm' is definitely deprecated.
(scrartcl)              See `fntguide.pdf' for more information about
(scrartcl)              recommended font commands.
(scrartcl)              Note also, that KOMA-Script will remove the definition
(scrartcl)              of `\rm' anytime until release of about version 3.20.
(scrartcl)              But for now, KOMA-Script will replace deprecated `\rm'
(scrartcl)              by `\normalfont \rmfamily ' on input line 1956.

[19]

Class scrartcl Warning: Usage of deprecated font command `\rm'!
(scrartcl)              You should note, that in 1994 font command `\rm' has
(scrartcl)              been defined for compatiblitiy to Script 2.0 only.
(scrartcl)              Now, after two decades of LaTeX2e and NFSS2, you
(scrartcl)              shouldn't use such commands any longer and within
(scrartcl)              KOMA-Script usage of `\rm' is definitely deprecated.
(scrartcl)              See `fntguide.pdf' for more information about
(scrartcl)              recommended font commands.
(scrartcl)              Note also, that KOMA-Script will remove the definition
(scrartcl)              of `\rm' anytime until release of about version 3.20.
(scrartcl)              But for now, KOMA-Script will replace deprecated `\rm'
(scrartcl)              by `\normalfont \rmfamily ' on input line 1985.

[20]

Class scrartcl Warning: Usage of deprecated font command `\rm'!
(scrartcl)              You should note, that in 1994 font command `\rm' has
(scrartcl)              been defined for compatiblitiy to Script 2.0 only.
(scrartcl)              Now, after two decades of LaTeX2e and NFSS2, you
(scrartcl)              shouldn't use such commands any longer and within
(scrartcl)              KOMA-Script usage of `\rm' is definitely deprecated.
(scrartcl)              See `fntguide.pdf' for more information about
(scrartcl)              recommended font commands.
(scrartcl)              Note also, that KOMA-Script will remove the definition
(scrartcl)              of `\rm' anytime until release of about version 3.20.
(scrartcl)              But for now, KOMA-Script will replace deprecated `\rm'
(scrartcl)              by `\normalfont \rmfamily ' on input line 2051.

[21]

Class scrartcl Warning: Usage of deprecated font command `\rm'!
(scrartcl)              You should note, that in 1994 font command `\rm' has
(scrartcl)              been defined for compatiblitiy to Script 2.0 only.
(scrartcl)              Now, after two decades of LaTeX2e and NFSS2, you
(scrartcl)              shouldn't use such commands any longer and within
(scrartcl)              KOMA-Script usage of `\rm' is definitely deprecated.
(scrartcl)              See `fntguide.pdf' for more information about
(scrartcl)              recommended font commands.
(scrartcl)              Note also, that KOMA-Script will remove the definition
(scrartcl)              of `\rm' anytime until release of about version 3.20.
(scrartcl)              But for now, KOMA-Script will replace deprecated `\rm'
(scrartcl)              by `\normalfont \rmfamily ' on input line 2143.

[22]
Underfull \vbox (badness 3148) detected at line 2355
 []


Class scrartcl Warning: Usage of deprecated font command `\rm'!
(scrartcl)              You should note, that in 1994 font command `\rm' has
(scrartcl)              been defined for compatiblitiy to Script 2.0 only.
(scrartcl)              Now, after two decades of LaTeX2e and NFSS2, you
(scrartcl)              shouldn't use such commands any longer and within
(scrartcl)              KOMA-Script usage of `\rm' is definitely deprecated.
(scrartcl)              See `fntguide.pdf' for more information about
(scrartcl)              recommended font commands.
(scrartcl)              Note also, that KOMA-Script will remove the definition
(scrartcl)              of `\rm' anytime until release of about version 3.20.
(scrartcl)              But for now, KOMA-Script will replace deprecated `\rm'
(scrartcl)              by `\normalfont \rmfamily ' on input line 2355.

[23]

Package hyperref Warning: Token not allowed in a PDF string (PDFDocEncoding):
(hyperref)                removing `math shift' on input line 2357.


Package hyperref Warning: Token not allowed in a PDF string (PDFDocEncoding):
(hyperref)                removing `math shift' on input line 2357.


Class scrartcl Warning: Usage of deprecated font command `\rm'!
(scrartcl)              You should note, that in 1994 font command `\rm' has
(scrartcl)              been defined for compatiblitiy to Script 2.0 only.
(scrartcl)              Now, after two decades of LaTeX2e and NFSS2, you
(scrartcl)              shouldn't use such commands any longer and within
(scrartcl)              KOMA-Script usage of `\rm' is definitely deprecated.
(scrartcl)              See `fntguide.pdf' for more information about
(scrartcl)              recommended font commands.
(scrartcl)              Note also, that KOMA-Script will remove the definition
(scrartcl)              of `\rm' anytime until release of about version 3.20.
(scrartcl)              But for now, KOMA-Script will replace deprecated `\rm'
(scrartcl)              by `\normalfont \rmfamily ' on input line 2362.

[24]

LaTeX Warning: Reference `eq.lem.BK.ceq' on page 25 undefined on input line 237
4.


LaTeX Warning: Reference `eq.lem.BK.ircont' on page 25 undefined on input line 
2375.


Overfull \hbox (13.54384pt too wide) in paragraph at lines 2398--2413
[] []$\T1/pplx/m/n/12 ). Ap-ply-ing this to $[] []$ in-stead of $\OML/zplm/m/it
/12 T$\T1/pplx/m/n/12 , we see that $[] []$
 []


Overfull \hbox (12.98624pt too wide) in paragraph at lines 2414--2421
[]\T1/pplx/m/n/12 But $[] [] \OT1/zplm/m/n/12 = \OT1/zplm/b/n/12 B [] \OT1/zplm
/m/n/12 = [] []$ \T1/pplx/m/n/12 (by the def-i-ni-tion of $\OT1/zplm/b/n/12 B [
]$\T1/pplx/m/n/12 ).
 []


LaTeX Warning: Reference `eq.lem.BK.ceq' on page 25 undefined on input line 242
7.


LaTeX Warning: Reference `eq.lem.BK.ceq' on page 25 undefined on input line 244
6.


LaTeX Warning: Reference `eq.lem.BK.ircont' on page 25 undefined on input line 
2448.


LaTeX Warning: Reference `eq.lem.BK.ircont' on page 25 undefined on input line 
2467.


LaTeX Warning: Reference `eq.lem.BK.ceq' on page 25 undefined on input line 247
0.


LaTeX Warning: Reference `eq.lem.BK.ircont' on page 25 undefined on input line 
2471.


LaTeX Warning: Reference `lem.BKi' on page 25 undefined on input line 2472.


LaTeX Warning: Reference `lem.BKi' on page 25 undefined on input line 2474.


Class scrartcl Warning: Usage of deprecated font command `\rm'!
(scrartcl)              You should note, that in 1994 font command `\rm' has
(scrartcl)              been defined for compatiblitiy to Script 2.0 only.
(scrartcl)              Now, after two decades of LaTeX2e and NFSS2, you
(scrartcl)              shouldn't use such commands any longer and within
(scrartcl)              KOMA-Script usage of `\rm' is definitely deprecated.
(scrartcl)              See `fntguide.pdf' for more information about
(scrartcl)              recommended font commands.
(scrartcl)              Note also, that KOMA-Script will remove the definition
(scrartcl)              of `\rm' anytime until release of about version 3.20.
(scrartcl)              But for now, KOMA-Script will replace deprecated `\rm'
(scrartcl)              by `\normalfont \rmfamily ' on input line 2477.

[25]

Package hyperref Warning: Token not allowed in a PDF string (PDFDocEncoding):
(hyperref)                removing `math shift' on input line 2480.


Package hyperref Warning: Token not allowed in a PDF string (PDFDocEncoding):
(hyperref)                removing `subscript' on input line 2480.


Package hyperref Warning: Token not allowed in a PDF string (PDFDocEncoding):
(hyperref)                removing `math shift' on input line 2480.


LaTeX Warning: Reference `lem.BKi' on page 26 undefined on input line 2510.


Class scrartcl Warning: Usage of deprecated font command `\rm'!
(scrartcl)              You should note, that in 1994 font command `\rm' has
(scrartcl)              been defined for compatiblitiy to Script 2.0 only.
(scrartcl)              Now, after two decades of LaTeX2e and NFSS2, you
(scrartcl)              shouldn't use such commands any longer and within
(scrartcl)              KOMA-Script usage of `\rm' is definitely deprecated.
(scrartcl)              See `fntguide.pdf' for more information about
(scrartcl)              recommended font commands.
(scrartcl)              Note also, that KOMA-Script will remove the definition
(scrartcl)              of `\rm' anytime until release of about version 3.20.
(scrartcl)              But for now, KOMA-Script will replace deprecated `\rm'
(scrartcl)              by `\normalfont \rmfamily ' on input line 2543.

[26]

Class scrartcl Warning: Usage of deprecated font command `\rm'!
(scrartcl)              You should note, that in 1994 font command `\rm' has
(scrartcl)              been defined for compatiblitiy to Script 2.0 only.
(scrartcl)              Now, after two decades of LaTeX2e and NFSS2, you
(scrartcl)              shouldn't use such commands any longer and within
(scrartcl)              KOMA-Script usage of `\rm' is definitely deprecated.
(scrartcl)              See `fntguide.pdf' for more information about
(scrartcl)              recommended font commands.
(scrartcl)              Note also, that KOMA-Script will remove the definition
(scrartcl)              of `\rm' anytime until release of about version 3.20.
(scrartcl)              But for now, KOMA-Script will replace deprecated `\rm'
(scrartcl)              by `\normalfont \rmfamily ' on input line 2596.

[27]

Class scrartcl Warning: Usage of deprecated font command `\rm'!
(scrartcl)              You should note, that in 1994 font command `\rm' has
(scrartcl)              been defined for compatiblitiy to Script 2.0 only.
(scrartcl)              Now, after two decades of LaTeX2e and NFSS2, you
(scrartcl)              shouldn't use such commands any longer and within
(scrartcl)              KOMA-Script usage of `\rm' is definitely deprecated.
(scrartcl)              See `fntguide.pdf' for more information about
(scrartcl)              recommended font commands.
(scrartcl)              Note also, that KOMA-Script will remove the definition
(scrartcl)              of `\rm' anytime until release of about version 3.20.
(scrartcl)              But for now, KOMA-Script will replace deprecated `\rm'
(scrartcl)              by `\normalfont \rmfamily ' on input line 2686.

[28]

Class scrartcl Warning: Usage of deprecated font command `\rm'!
(scrartcl)              You should note, that in 1994 font command `\rm' has
(scrartcl)              been defined for compatiblitiy to Script 2.0 only.
(scrartcl)              Now, after two decades of LaTeX2e and NFSS2, you
(scrartcl)              shouldn't use such commands any longer and within
(scrartcl)              KOMA-Script usage of `\rm' is definitely deprecated.
(scrartcl)              See `fntguide.pdf' for more information about
(scrartcl)              recommended font commands.
(scrartcl)              Note also, that KOMA-Script will remove the definition
(scrartcl)              of `\rm' anytime until release of about version 3.20.
(scrartcl)              But for now, KOMA-Script will replace deprecated `\rm'
(scrartcl)              by `\normalfont \rmfamily ' on input line 2822.

[29]

Class scrartcl Warning: Usage of deprecated font command `\rm'!
(scrartcl)              You should note, that in 1994 font command `\rm' has
(scrartcl)              been defined for compatiblitiy to Script 2.0 only.
(scrartcl)              Now, after two decades of LaTeX2e and NFSS2, you
(scrartcl)              shouldn't use such commands any longer and within
(scrartcl)              KOMA-Script usage of `\rm' is definitely deprecated.
(scrartcl)              See `fntguide.pdf' for more information about
(scrartcl)              recommended font commands.
(scrartcl)              Note also, that KOMA-Script will remove the definition
(scrartcl)              of `\rm' anytime until release of about version 3.20.
(scrartcl)              But for now, KOMA-Script will replace deprecated `\rm'
(scrartcl)              by `\normalfont \rmfamily ' on input line 2875.

[30]

Class scrartcl Warning: Usage of deprecated font command `\rm'!
(scrartcl)              You should note, that in 1994 font command `\rm' has
(scrartcl)              been defined for compatiblitiy to Script 2.0 only.
(scrartcl)              Now, after two decades of LaTeX2e and NFSS2, you
(scrartcl)              shouldn't use such commands any longer and within
(scrartcl)              KOMA-Script usage of `\rm' is definitely deprecated.
(scrartcl)              See `fntguide.pdf' for more information about
(scrartcl)              recommended font commands.
(scrartcl)              Note also, that KOMA-Script will remove the definition
(scrartcl)              of `\rm' anytime until release of about version 3.20.
(scrartcl)              But for now, KOMA-Script will replace deprecated `\rm'
(scrartcl)              by `\normalfont \rmfamily ' on input line 2947.

[31]

Class scrartcl Warning: Usage of deprecated font command `\rm'!
(scrartcl)              You should note, that in 1994 font command `\rm' has
(scrartcl)              been defined for compatiblitiy to Script 2.0 only.
(scrartcl)              Now, after two decades of LaTeX2e and NFSS2, you
(scrartcl)              shouldn't use such commands any longer and within
(scrartcl)              KOMA-Script usage of `\rm' is definitely deprecated.
(scrartcl)              See `fntguide.pdf' for more information about
(scrartcl)              recommended font commands.
(scrartcl)              Note also, that KOMA-Script will remove the definition
(scrartcl)              of `\rm' anytime until release of about version 3.20.
(scrartcl)              But for now, KOMA-Script will replace deprecated `\rm'
(scrartcl)              by `\normalfont \rmfamily ' on input line 3010.

[32]
Underfull \hbox (badness 10000) in paragraph at lines 3018--3038

 []


Class scrartcl Warning: Usage of deprecated font command `\rm'!
(scrartcl)              You should note, that in 1994 font command `\rm' has
(scrartcl)              been defined for compatiblitiy to Script 2.0 only.
(scrartcl)              Now, after two decades of LaTeX2e and NFSS2, you
(scrartcl)              shouldn't use such commands any longer and within
(scrartcl)              KOMA-Script usage of `\rm' is definitely deprecated.
(scrartcl)              See `fntguide.pdf' for more information about
(scrartcl)              recommended font commands.
(scrartcl)              Note also, that KOMA-Script will remove the definition
(scrartcl)              of `\rm' anytime until release of about version 3.20.
(scrartcl)              But for now, KOMA-Script will replace deprecated `\rm'
(scrartcl)              by `\normalfont \rmfamily ' on input line 3083.

[33]
Overfull \hbox (15.12672pt too wide) detected at line 3084
\OML/zplm/m/it/12 ^^W[][] \OT1/zplm/m/n/12 = (\OT1/pplx/m/n/12 3, 3\OT1/zplm/m/
n/12 )\OT1/pplx/m/n/12 ,  \OML/zplm/m/it/12 ^^W[][] \OT1/zplm/m/n/12 = (\OT1/pp
lx/m/n/12 3, 3, 2\OT1/zplm/m/n/12 )\OT1/pplx/m/n/12 ,  \OML/zplm/m/it/12 ^^W[][
] \OT1/zplm/m/n/12 = (\OT1/pplx/m/n/12 2\OT1/zplm/m/n/12 )\OT1/pplx/m/n/12 ,  \
OML/zplm/m/it/12 ^^W[][] \OT1/zplm/m/n/12 = (\OT1/pplx/m/n/12 4, 3, 3, 2\OT1/zp
lm/m/n/12 )\OT1/pplx/m/n/12 ,  #\OML/zplm/m/it/12 ^^W[][] \OT1/zplm/m/n/12 = \O
T1/pplx/m/n/12 2.
 []


Overfull \hbox (1.98798pt too wide) in paragraph at lines 3105--3107
\T1/pplx/m/n/12 On the other hand, by the def-i-ni-tion of the sup-port, we mus
t have $\OML/zplm/m/it/12 j[] \OMS/zplm/m/n/12 2 []\OT1/zplm/m/n/12 (\OML/zplm/
m/it/12 i[]\OT1/zplm/m/n/12 ) \OMS/zplm/m/n/12 ^^R
 []


Class scrartcl Warning: Usage of deprecated font command `\rm'!
(scrartcl)              You should note, that in 1994 font command `\rm' has
(scrartcl)              been defined for compatiblitiy to Script 2.0 only.
(scrartcl)              Now, after two decades of LaTeX2e and NFSS2, you
(scrartcl)              shouldn't use such commands any longer and within
(scrartcl)              KOMA-Script usage of `\rm' is definitely deprecated.
(scrartcl)              See `fntguide.pdf' for more information about
(scrartcl)              recommended font commands.
(scrartcl)              Note also, that KOMA-Script will remove the definition
(scrartcl)              of `\rm' anytime until release of about version 3.20.
(scrartcl)              But for now, KOMA-Script will replace deprecated `\rm'
(scrartcl)              by `\normalfont \rmfamily ' on input line 3114.

[34]

Class scrartcl Warning: Usage of deprecated font command `\rm'!
(scrartcl)              You should note, that in 1994 font command `\rm' has
(scrartcl)              been defined for compatiblitiy to Script 2.0 only.
(scrartcl)              Now, after two decades of LaTeX2e and NFSS2, you
(scrartcl)              shouldn't use such commands any longer and within
(scrartcl)              KOMA-Script usage of `\rm' is definitely deprecated.
(scrartcl)              See `fntguide.pdf' for more information about
(scrartcl)              recommended font commands.
(scrartcl)              Note also, that KOMA-Script will remove the definition
(scrartcl)              of `\rm' anytime until release of about version 3.20.
(scrartcl)              But for now, KOMA-Script will replace deprecated `\rm'
(scrartcl)              by `\normalfont \rmfamily ' on input line 3143.

[35]
Overfull \hbox (24.1947pt too wide) in paragraph at lines 3170--3172
[]\T1/pplx/m/n/12 Let $[]$ de-note the set of all 12-rpps $\OML/zplm/m/it/12 T$
 \T1/pplx/m/n/12 of shape $[]$, and let $[]$
 []


Overfull \vbox (10.82773pt too high) detected at line 3178
 []


Class scrartcl Warning: Usage of deprecated font command `\rm'!
(scrartcl)              You should note, that in 1994 font command `\rm' has
(scrartcl)              been defined for compatiblitiy to Script 2.0 only.
(scrartcl)              Now, after two decades of LaTeX2e and NFSS2, you
(scrartcl)              shouldn't use such commands any longer and within
(scrartcl)              KOMA-Script usage of `\rm' is definitely deprecated.
(scrartcl)              See `fntguide.pdf' for more information about
(scrartcl)              recommended font commands.
(scrartcl)              Note also, that KOMA-Script will remove the definition
(scrartcl)              of `\rm' anytime until release of about version 3.20.
(scrartcl)              But for now, KOMA-Script will replace deprecated `\rm'
(scrartcl)              by `\normalfont \rmfamily ' on input line 3178.

[36]
Underfull \hbox (badness 10000) in paragraph at lines 3184--3217

 []


Class scrartcl Warning: Usage of deprecated font command `\rm'!
(scrartcl)              You should note, that in 1994 font command `\rm' has
(scrartcl)              been defined for compatiblitiy to Script 2.0 only.
(scrartcl)              Now, after two decades of LaTeX2e and NFSS2, you
(scrartcl)              shouldn't use such commands any longer and within
(scrartcl)              KOMA-Script usage of `\rm' is definitely deprecated.
(scrartcl)              See `fntguide.pdf' for more information about
(scrartcl)              recommended font commands.
(scrartcl)              Note also, that KOMA-Script will remove the definition
(scrartcl)              of `\rm' anytime until release of about version 3.20.
(scrartcl)              But for now, KOMA-Script will replace deprecated `\rm'
(scrartcl)              by `\normalfont \rmfamily ' on input line 3245.

[37]

LaTeX Warning: Reference `prop.finality' on page 38 undefined on input line 325
4.


Class scrartcl Warning: Usage of deprecated font command `\rm'!
(scrartcl)              You should note, that in 1994 font command `\rm' has
(scrartcl)              been defined for compatiblitiy to Script 2.0 only.
(scrartcl)              Now, after two decades of LaTeX2e and NFSS2, you
(scrartcl)              shouldn't use such commands any longer and within
(scrartcl)              KOMA-Script usage of `\rm' is definitely deprecated.
(scrartcl)              See `fntguide.pdf' for more information about
(scrartcl)              recommended font commands.
(scrartcl)              Note also, that KOMA-Script will remove the definition
(scrartcl)              of `\rm' anytime until release of about version 3.20.
(scrartcl)              But for now, KOMA-Script will replace deprecated `\rm'
(scrartcl)              by `\normalfont \rmfamily ' on input line 3279.

[38]
LaTeX Font Info:    Try loading font information for T1+cmtt on input line 3294
.
 (/usr/local/texlive/2014/texmf-dist/tex/latex/base/t1cmtt.fd
File: t1cmtt.fd 1999/05/25 v2.5h Standard LaTeX font definitions
)
Underfull \hbox (badness 1221) in paragraph at lines 3296--3299
[]\T1/pplx/m/n/12 Sergey Fomin, Cur-tis Greene, \T1/pplx/m/it/12 Non-com-mu-ta-
tive Schur func-tions
 []


Underfull \hbox (badness 1360) in paragraph at lines 3303--3308
\T1/pplx/m/n/12 See also []$\T1/cmtt/m/n/12 http : / / web . mit . edu / ~darij
 / www / algebra / HopfComb . pdf$[]
 []


Class scrartcl Warning: Usage of deprecated font command `\rm'!
(scrartcl)              You should note, that in 1994 font command `\rm' has
(scrartcl)              been defined for compatiblitiy to Script 2.0 only.
(scrartcl)              Now, after two decades of LaTeX2e and NFSS2, you
(scrartcl)              shouldn't use such commands any longer and within
(scrartcl)              KOMA-Script usage of `\rm' is definitely deprecated.
(scrartcl)              See `fntguide.pdf' for more information about
(scrartcl)              recommended font commands.
(scrartcl)              Note also, that KOMA-Script will remove the definition
(scrartcl)              of `\rm' anytime until release of about version 3.20.
(scrartcl)              But for now, KOMA-Script will replace deprecated `\rm'
(scrartcl)              by `\normalfont \rmfamily ' on input line 3317.

[39]
Package atveryend Info: Empty hook `BeforeClearDocument' on input line 3323.


Class scrartcl Warning: Usage of deprecated font command `\rm'!
(scrartcl)              You should note, that in 1994 font command `\rm' has
(scrartcl)              been defined for compatiblitiy to Script 2.0 only.
(scrartcl)              Now, after two decades of LaTeX2e and NFSS2, you
(scrartcl)              shouldn't use such commands any longer and within
(scrartcl)              KOMA-Script usage of `\rm' is definitely deprecated.
(scrartcl)              See `fntguide.pdf' for more information about
(scrartcl)              recommended font commands.
(scrartcl)              Note also, that KOMA-Script will remove the definition
(scrartcl)              of `\rm' anytime until release of about version 3.20.
(scrartcl)              But for now, KOMA-Script will replace deprecated `\rm'
(scrartcl)              by `\normalfont \rmfamily ' on input line 3323.

[40]
Package atveryend Info: Empty hook `AfterLastShipout' on input line 3323.
 (./groth1.aux)
Package atveryend Info: Executing hook `AtVeryEndDocument' on input line 3323.
Package atveryend Info: Executing hook `AtEndAfterFileList' on input line 3323.

Package rerunfilecheck Info: File `groth1.out' has not changed.
(rerunfilecheck)             Checksum: 5E6C8E961C680B2A9772B7B1A7DA526A;1782.


LaTeX Font Warning: Some font shapes were not available, defaults substituted.


LaTeX Warning: There were undefined references.

Package atveryend Info: Empty hook `AtVeryVeryEnd' on input line 3323.
 ) 
Here is how much of TeX's memory you used:
 12683 strings out of 493117
 186161 string characters out of 6135433
 383695 words of memory out of 5000000
 15688 multiletter control sequences out of 15000+600000
 77259 words of font info for 184 fonts, out of 8000000 for 9000
 1141 hyphenation exceptions out of 8191
 45i,21n,52p,3238b,504s stack positions out of 5000i,500n,10000p,200000b,80000s
{/usr/local/texlive/2014/texmf-dist/fonts/enc/dvips/cm-super/cm-super-t1.enc}
{/usr/local/texlive/2014/texmf-dist/fonts/enc/dvips/base/8r.enc}</usr/local/tex
live/2014/texmf-dist/fonts/type1/public/amsfonts/cm/cmex10.pfb></usr/local/texl
ive/2014/texmf-dist/fonts/type1/public/amsfonts/cm/cmmi10.pfb></usr/local/texli
ve/2014/texmf-dist/fonts/type1/public/amsfonts/cm/cmr10.pfb></usr/local/texlive
/2014/texmf-dist/fonts/type1/public/amsfonts/cm/cmsy10.pfb></usr/local/texlive/
2014/texmf-dist/fonts/type1/public/mathpazo/fplmbb.pfb></usr/local/texlive/2014
/texmf-dist/fonts/type1/public/mathpazo/fplmr.pfb></usr/local/texlive/2014/texm
f-dist/fonts/type1/public/mathpazo/fplmri.pfb></usr/local/texlive/2014/texmf-di
st/fonts/type1/public/amsfonts/symbols/msam10.pfb></usr/local/texlive/2014/texm
f-dist/fonts/type1/public/amsfonts/symbols/msbm10.pfb></usr/local/texlive/2014/
texmf-dist/fonts/type1/public/cm-super/sfsx1440.pfb></usr/local/texlive/2014/te
xmf-dist/fonts/type1/public/cm-super/sfsx1728.pfb></usr/local/texlive/2014/texm
f-dist/fonts/type1/public/cm-super/sfsx2488.pfb></usr/local/texlive/2014/texmf-
dist/fonts/type1/public/cm-super/sftt1200.pfb></usr/local/texlive/2014/texmf-di
st/fonts/type1/urw/palatino/uplb8a.pfb></usr/local/texlive/2014/texmf-dist/font
s/type1/urw/palatino/uplr8a.pfb></usr/local/texlive/2014/texmf-dist/fonts/type1
/urw/palatino/uplri8a.pfb>
Output written on groth1.pdf (40 pages, 360271 bytes).
PDF statistics:
 662 PDF objects out of 1000 (max. 8388607)
 595 compressed objects within 6 object streams
 179 named destinations out of 1000 (max. 500000)
 201 words of extra memory for PDF output out of 10000 (max. 10000000)

